  EntityEditorApp.cpp
C:\Users\s214615\Documents\Repos\CodeDesign_DataStructures\CodeDesign_DataStructures_JulianPahor\packages\raylib.4.0.0.6\build\native\include\raygui.h(2352,72): warning C4244: '+=': conversion from 'float' to 'int', possible loss of data
C:\Users\s214615\Documents\Repos\CodeDesign_DataStructures\CodeDesign_DataStructures_JulianPahor\packages\raylib.4.0.0.6\build\native\include\raygui.h(2385,68): warning C4244: '+=': conversion from 'float' to 'int', possible loss of data
C:\Users\s214615\Documents\Repos\CodeDesign_DataStructures\CodeDesign_DataStructures_JulianPahor\packages\raylib.4.0.0.6\build\native\include\raygui.h(3059,87): warning C4244: 'argument': conversion from 'float' to 'int', possible loss of data
C:\Users\s214615\Documents\Repos\CodeDesign_DataStructures\CodeDesign_DataStructures_JulianPahor\packages\raylib.4.0.0.6\build\native\include\raygui.h(3060,105): warning C4244: 'argument': conversion from 'float' to 'int', possible loss of data
C:\Users\s214615\Documents\Repos\CodeDesign_DataStructures\CodeDesign_DataStructures_JulianPahor\packages\raylib.4.0.0.6\build\native\include\raygui.h(3061,109): warning C4244: 'argument': conversion from 'float' to 'int', possible loss of data
C:\Users\s214615\Documents\Repos\CodeDesign_DataStructures\CodeDesign_DataStructures_JulianPahor\packages\raylib.4.0.0.6\build\native\include\raygui.h(3062,109): warning C4244: 'argument': conversion from 'float' to 'int', possible loss of data
C:\Users\s214615\Documents\Repos\CodeDesign_DataStructures\CodeDesign_DataStructures_JulianPahor\packages\raylib.4.0.0.6\build\native\include\raygui.h(3063,109): warning C4244: 'argument': conversion from 'float' to 'int', possible loss of data
C:\Users\s214615\Documents\Repos\CodeDesign_DataStructures\CDDS_IPC_EntityEditor\EntityEditorApp.cpp(45,12): warning C4244: 'argument': conversion from 'time_t' to 'unsigned int', possible loss of data
C:\Users\s214615\Documents\Repos\CodeDesign_DataStructures\CDDS_IPC_EntityEditor\EntityEditorApp.cpp(47,20): warning C4244: '=': conversion from 'int' to 'float', possible loss of data
C:\Users\s214615\Documents\Repos\CodeDesign_DataStructures\CDDS_IPC_EntityEditor\EntityEditorApp.cpp(48,20): warning C4244: '=': conversion from 'int' to 'float', possible loss of data
C:\Users\s214615\Documents\Repos\CodeDesign_DataStructures\CDDS_IPC_EntityEditor\EntityEditorApp.cpp(50,25): warning C4244: '=': conversion from 'int' to 'float', possible loss of data
C:\Users\s214615\Documents\Repos\CodeDesign_DataStructures\CDDS_IPC_EntityEditor\EntityEditorApp.cpp(51,28): warning C4244: '=': conversion from 'int' to 'float', possible loss of data
C:\Users\s214615\Documents\Repos\CodeDesign_DataStructures\CDDS_IPC_EntityEditor\EntityEditorApp.cpp(93,28): warning C4244: '=': conversion from 'int' to 'float', possible loss of data
C:\Users\s214615\Documents\Repos\CodeDesign_DataStructures\CDDS_IPC_EntityEditor\EntityEditorApp.cpp(96,28): warning C4244: '=': conversion from 'int' to 'float', possible loss of data
C:\Users\s214615\Documents\Repos\CodeDesign_DataStructures\CDDS_IPC_EntityEditor\EntityEditorApp.cpp(120,25): warning C4244: '=': conversion from 'double' to 'float', possible loss of data
C:\Users\s214615\Documents\Repos\CodeDesign_DataStructures\CDDS_IPC_EntityEditor\EntityEditorApp.cpp(123,25): warning C4244: '=': conversion from 'double' to 'float', possible loss of data
  main.cpp
  Generating Code...
  CDDS_IPC_EntityEditor.vcxproj -> C:\Users\s214615\Documents\Repos\CodeDesign_DataStructures\CodeDesign_DataStructures_JulianPahor\bin\x64\Debug\CDDS_IPC_EntityEditor.exe
